INFO 2024-03-21 19:45:49,336 autoreload 63326 8144264896 Watching for file changes with StatReloader
WARNING 2024-03-21 19:45:57,654 log 63326 6167769088 Unauthorized: /logout/
WARNING 2024-03-21 19:45:57,655 basehttp 63326 6167769088 "POST /logout/ HTTP/1.1" 401 58
INFO 2024-03-21 19:45:57,659 basehttp 63326 6167769088 "OPTIONS /login/refresh/ HTTP/1.1" 200 0
INFO 2024-03-21 19:45:57,701 basehttp 63326 6167769088 "POST /login/refresh/ HTTP/1.1" 200 483
INFO 2024-03-21 19:45:57,704 basehttp 63326 6167769088 "OPTIONS /logout/ HTTP/1.1" 200 0
INFO 2024-03-21 19:45:57,725 basehttp 63326 6167769088 "POST /logout/ HTTP/1.1" 200 37
INFO 2024-03-21 19:46:55,676 autoreload 63326 8144264896 /Users/olivermclane/CSSeniorProject-RoomScheduler/django_react_roomscheduler/djangosettings/settings.py changed, reloading.
INFO 2024-03-21 19:46:56,108 autoreload 63408 8144264896 Watching for file changes with StatReloader
INFO 2024-03-21 19:47:09,872 autoreload 63408 8144264896 /Users/olivermclane/CSSeniorProject-RoomScheduler/django_react_roomscheduler/djangosettings/settings.py changed, reloading.
INFO 2024-03-21 19:47:10,286 autoreload 63423 8144264896 Watching for file changes with StatReloader
INFO 2024-03-21 19:47:17,117 basehttp 63423 6363901952 "POST /login/ HTTP/1.1" 200 523
INFO 2024-03-21 19:47:20,832 basehttp 63423 6380728320 "GET /courses/ HTTP/1.1" 200 774142
INFO 2024-03-21 19:47:20,832 basehttp 63423 6363901952 "GET /courses/ HTTP/1.1" 200 774142
INFO 2024-03-21 19:48:11,298 autoreload 63423 8144264896 /Users/olivermclane/CSSeniorProject-RoomScheduler/django_react_roomscheduler/djangosettings/settings.py changed, reloading.
INFO 2024-03-21 19:48:11,716 autoreload 63463 8144264896 Watching for file changes with StatReloader
WARNING 2024-03-21 19:48:16,978 log 63463 6212562944 Unauthorized: /logout/
WARNING 2024-03-21 19:48:16,979 basehttp 63463 6212562944 "POST /logout/ HTTP/1.1" 401 58
INFO 2024-03-21 19:48:17,037 basehttp 63463 6212562944 "POST /login/refresh/ HTTP/1.1" 200 483
INFO 2024-03-21 19:48:17,063 basehttp 63463 6212562944 "POST /logout/ HTTP/1.1" 200 37
INFO 2024-03-21 19:48:24,138 basehttp 63463 6212562944 "POST /login/ HTTP/1.1" 200 523
INFO 2024-03-21 19:48:28,740 basehttp 63463 6229389312 "GET /courses/ HTTP/1.1" 200 774142
INFO 2024-03-21 19:48:28,740 basehttp 63463 6212562944 "GET /courses/ HTTP/1.1" 200 774142
INFO 2024-03-21 19:48:49,950 basehttp 63463 6229389312 "GET /courses/ HTTP/1.1" 200 774142
INFO 2024-03-21 19:48:49,950 basehttp 63463 6212562944 "GET /courses/ HTTP/1.1" 200 774142
INFO 2024-03-21 19:49:02,658 basehttp 63463 6212562944 "GET /courses/ HTTP/1.1" 200 774142
INFO 2024-03-21 19:49:02,671 basehttp 63463 6229389312 "GET /courses/ HTTP/1.1" 200 774142
INFO 2024-03-21 19:51:11,246 autoreload 63463 8144264896 /Users/olivermclane/CSSeniorProject-RoomScheduler/django_react_roomscheduler/djangosettings/settings.py changed, reloading.
